<?xml version="1.0" encoding="utf-8"?>
<!DOCTYPE hibernate-configuration PUBLIC
        "-//Hibernate/Hibernate Configuration DTD 3.0//EN"
        "http://hibernate.sourceforge.net/hibernate-configuration-3.0.dtd">

<hibernate-configuration>
    <session-factory>
        <property name="hibernate.jdbc.batch_size">50</property>

        <!-- Hibernate mapping giles -->
        <mapping resource="DrugEvent.hbm.xml"/>
        <mapping resource="Regimen.hbm.xml"/>
    </session-factory>
</hibernate-configuration>
